# JRE version: OpenJDK Runtime Environment (8.0_76-b03) (build 1.8.0_76-release-b03)
# Java VM: OpenJDK 64-Bit Server VM (25.76-b03 mixed mode windows-amd64 compressed oops)
Heap:
 PSYoungGen      total 105472K, used 39794K [0x00000000eab00000, 0x00000000f1b80000, 0x0000000100000000)
  eden space 98816K, 35% used [0x00000000eab00000,0x00000000ecd76678,0x00000000f0b80000)
  from space 6656K, 67% used [0x00000000f1500000,0x00000000f1966308,0x00000000f1b80000)
  to   space 8192K, 0% used [0x00000000f0b80000,0x00000000f0b80000,0x00000000f1380000)
 ParOldGen       total 49664K, used 20625K [0x00000000c0000000, 0x00000000c3080000, 0x00000000eab00000)
  object space 49664K, 41% used [0x00000000c0000000,0x00000000c14247b0,0x00000000c3080000)
 Metaspace       used 44320K, capacity 45528K, committed 45616K, reserved 1089536K
  class space    used 5916K, capacity 6190K, committed 6192K, reserved 1048576K
GC Heap History (10 events):
Event: 26.516 GC heap before
{Heap before GC invocations=14 (full 1):
 PSYoungGen      total 60928K, used 58949K [0x00000000eab00000, 0x00000000eef00000, 0x0000000100000000)
  eden space 55296K, 100% used [0x00000000eab00000,0x00000000ee100000,0x00000000ee100000)
  from space 5632K, 64% used [0x00000000ee980000,0x00000000eed11430,0x00000000eef00000)
  to   space 7168K, 0% used [0x00000000ee100000,0x00000000ee100000,0x00000000ee800000)
 ParOldGen       total 35328K, used 12530K [0x00000000c0000000, 0x00000000c2280000, 0x00000000eab00000)
  object space 35328K, 35% used [0x00000000c0000000,0x00000000c0c3cab0,0x00000000c2280000)
 Metaspace       used 34233K, capacity 34986K, committed 35376K, reserved 1079296K
  class space    used 4613K, capacity 4816K, committed 4912K, reserved 1048576K
Event: 26.536 GC heap after
Heap after GC invocations=14 (full 1):
 PSYoungGen      total 62464K, used 4461K [0x00000000eab00000, 0x00000000f0100000, 0x0000000100000000)
  eden space 55296K, 0% used [0x00000000eab00000,0x00000000eab00000,0x00000000ee100000)
  from space 7168K, 62% used [0x00000000ee100000,0x00000000ee55b660,0x00000000ee800000)
  to   space 7168K, 0% used [0x00000000efa00000,0x00000000efa00000,0x00000000f0100000)
 ParOldGen       total 35328K, used 13934K [0x00000000c0000000, 0x00000000c2280000, 0x00000000eab00000)
  object space 35328K, 39% used [0x00000000c0000000,0x00000000c0d9bae0,0x00000000c2280000)
 Metaspace       used 34233K, capacity 34986K, committed 35376K, reserved 1079296K
  class space    used 4613K, capacity 4816K, committed 4912K, reserved 1048576K
}
Event: 26.757 GC heap before
{Heap before GC invocations=15 (full 1):
 PSYoungGen      total 62464K, used 8859K [0x00000000eab00000, 0x00000000f0100000, 0x0000000100000000)
  eden space 55296K, 7% used [0x00000000eab00000,0x00000000eaf4b950,0x00000000ee100000)
  from space 7168K, 62% used [0x00000000ee100000,0x00000000ee55b660,0x00000000ee800000)
  to   space 7168K, 0% used [0x00000000efa00000,0x00000000efa00000,0x00000000f0100000)
 ParOldGen       total 35328K, used 13934K [0x00000000c0000000, 0x00000000c2280000, 0x00000000eab00000)
  object space 35328K, 39% used [0x00000000c0000000,0x00000000c0d9bae0,0x00000000c2280000)
 Metaspace       used 34665K, capacity 35356K, committed 35496K, reserved 1079296K
  class space    used 4665K, capacity 4851K, committed 4912K, reserved 1048576K
Event: 26.771 GC heap after
Heap after GC invocations=15 (full 1):
 PSYoungGen      total 80896K, used 857K [0x00000000eab00000, 0x00000000f0780000, 0x0000000100000000)
  eden space 73728K, 0% used [0x00000000eab00000,0x00000000eab00000,0x00000000ef300000)
  from space 7168K, 11% used [0x00000000efa00000,0x00000000efad6520,0x00000000f0100000)
  to   space 7168K, 0% used [0x00000000ef300000,0x00000000ef300000,0x00000000efa00000)
 ParOldGen       total 35328K, used 15949K [0x00000000c0000000, 0x00000000c2280000, 0x00000000eab00000)
  object space 35328K, 45% used [0x00000000c0000000,0x00000000c0f93700,0x00000000c2280000)
 Metaspace       used 34665K, capacity 35356K, committed 35496K, reserved 1079296K
  class space    used 4665K, capacity 4851K, committed 4912K, reserved 1048576K
}
Event: 26.771 GC heap before
{Heap before GC invocations=16 (full 2):
 PSYoungGen      total 80896K, used 857K [0x00000000eab00000, 0x00000000f0780000, 0x0000000100000000)
  eden space 73728K, 0% used [0x00000000eab00000,0x00000000eab00000,0x00000000ef300000)
  from space 7168K, 11% used [0x00000000efa00000,0x00000000efad6520,0x00000000f0100000)
  to   space 7168K, 0% used [0x00000000ef300000,0x00000000ef300000,0x00000000efa00000)
 ParOldGen       total 35328K, used 15949K [0x00000000c0000000, 0x00000000c2280000, 0x00000000eab00000)
  object space 35328K, 45% used [0x00000000c0000000,0x00000000c0f93700,0x00000000c2280000)
 Metaspace       used 34665K, capacity 35356K, committed 35496K, reserved 1079296K
  class space    used 4665K, capacity 4851K, committed 4912K, reserved 1048576K
Event: 26.981 GC heap after
Heap after GC invocations=16 (full 2):
 PSYoungGen      total 80896K, used 0K [0x00000000eab00000, 0x00000000f0780000, 0x0000000100000000)
  eden space 73728K, 0% used [0x00000000eab00000,0x00000000eab00000,0x00000000ef300000)
  from space 7168K, 0% used [0x00000000efa00000,0x00000000efa00000,0x00000000f0100000)
  to   space 7168K, 0% used [0x00000000ef300000,0x00000000ef300000,0x00000000efa00000)
 ParOldGen       total 49664K, used 15096K [0x00000000c0000000, 0x00000000c3080000, 0x00000000eab00000)
  object space 49664K, 30% used [0x00000000c0000000,0x00000000c0ebe0a0,0x00000000c3080000)
 Metaspace       used 34665K, capacity 35356K, committed 35496K, reserved 1079296K
  class space    used 4665K, capacity 4851K, committed 4912K, reserved 1048576K
}
Event: 30.632 GC heap before
{Heap before GC invocations=17 (full 2):
 PSYoungGen      total 80896K, used 73728K [0x00000000eab00000, 0x00000000f0780000, 0x0000000100000000)
  eden space 73728K, 100% used [0x00000000eab00000,0x00000000ef300000,0x00000000ef300000)
  from space 7168K, 0% used [0x00000000efa00000,0x00000000efa00000,0x00000000f0100000)
  to   space 7168K, 0% used [0x00000000ef300000,0x00000000ef300000,0x00000000efa00000)
 ParOldGen       total 49664K, used 15096K [0x00000000c0000000, 0x00000000c3080000, 0x00000000eab00000)
  object space 49664K, 30% used [0x00000000c0000000,0x00000000c0ebe0a0,0x00000000c3080000)
 Metaspace       used 41584K, capacity 42500K, committed 42672K, reserved 1085440K
  class space    used 5571K, capacity 5796K, committed 5808K, reserved 1048576K
Event: 30.640 GC heap after
Heap after GC invocations=17 (full 2):
 PSYoungGen      total 80896K, used 7148K [0x00000000eab00000, 0x00000000f1d00000, 0x0000000100000000)
  eden space 73728K, 0% used [0x00000000eab00000,0x00000000eab00000,0x00000000ef300000)
  from space 7168K, 99% used [0x00000000ef300000,0x00000000ef9fb188,0x00000000efa00000)
  to   space 8192K, 0% used [0x00000000f1500000,0x00000000f1500000,0x00000000f1d00000)
 ParOldGen       total 49664K, used 15480K [0x00000000c0000000, 0x00000000c3080000, 0x00000000eab00000)
  object space 49664K, 31% used [0x00000000c0000000,0x00000000c0f1e340,0x00000000c3080000)
 Metaspace       used 41584K, capacity 42500K, committed 42672K, reserved 1085440K
  class space    used 5571K, capacity 5796K, committed 5808K, reserved 1048576K
}
Event: 36.009 GC heap before
{Heap before GC invocations=18 (full 2):
 PSYoungGen      total 80896K, used 80876K [0x00000000eab00000, 0x00000000f1d00000, 0x0000000100000000)
  eden space 73728K, 100% used [0x00000000eab00000,0x00000000ef300000,0x00000000ef300000)
  from space 7168K, 99% used [0x00000000ef300000,0x00000000ef9fb188,0x00000000efa00000)
  to   space 8192K, 0% used [0x00000000f1500000,0x00000000f1500000,0x00000000f1d00000)
 ParOldGen       total 49664K, used 15480K [0x00000000c0000000, 0x00000000c3080000, 0x00000000eab00000)
  object space 49664K, 31% used [0x00000000c0000000,0x00000000c0f1e340,0x00000000c3080000)
 Metaspace       used 43199K, capacity 44102K, committed 44464K, reserved 1087488K
  class space    used 5738K, capacity 5969K, committed 6064K, reserved 1048576K
Event: 36.043 GC heap after
Heap after GC invocations=18 (full 2):
 PSYoungGen      total 105472K, used 4504K [0x00000000eab00000, 0x00000000f1b80000, 0x0000000100000000)
  eden space 98816K, 0% used [0x00000000eab00000,0x00000000eab00000,0x00000000f0b80000)
  from space 6656K, 67% used [0x00000000f1500000,0x00000000f1966308,0x00000000f1b80000)
  to   space 8192K, 0% used [0x00000000f0b80000,0x00000000f0b80000,0x00000000f1380000)
 ParOldGen       total 49664K, used 20625K [0x00000000c0000000, 0x00000000c3080000, 0x00000000eab00000)
  object space 49664K, 41% used [0x00000000c0000000,0x00000000c14247b0,0x00000000c3080000)
 Metaspace       used 43199K, capacity 44102K, committed 44464K, reserved 1087488K
  class space    used 5738K, capacity 5969K, committed 6064K, reserved 1048576K
}

