# JRE version: OpenJDK Runtime Environment (8.0_76-b03) (build 1.8.0_76-release-b03)
# Java VM: OpenJDK 64-Bit Server VM (25.76-b03 mixed mode windows-amd64 compressed oops)
Heap:
 PSYoungGen      total 54784K, used 31641K [0x00000000eab00000, 0x00000000ef500000, 0x0000000100000000)
  eden space 50176K, 54% used [0x00000000eab00000,0x00000000ec59a1e8,0x00000000edc00000)
  from space 4608K, 95% used [0x00000000ef080000,0x00000000ef4cc4c8,0x00000000ef500000)
  to   space 7168K, 0% used [0x00000000ee700000,0x00000000ee700000,0x00000000eee00000)
 ParOldGen       total 35328K, used 8951K [0x00000000c0000000, 0x00000000c2280000, 0x00000000eab00000)
  object space 35328K, 25% used [0x00000000c0000000,0x00000000c08bdd10,0x00000000c2280000)
 Metaspace       used 25562K, capacity 26094K, committed 26288K, reserved 1071104K
  class space    used 3499K, capacity 3643K, committed 3760K, reserved 1048576K
GC Heap History (10 events):
Event: 4.067 GC heap before
{Heap before GC invocations=5 (full 0):
 PSYoungGen      total 18432K, used 18400K [0x00000000eab00000, 0x00000000ebf80000, 0x0000000100000000)
  eden space 15872K, 100% used [0x00000000eab00000,0x00000000eba80000,0x00000000eba80000)
  from space 2560K, 98% used [0x00000000ebd00000,0x00000000ebf78020,0x00000000ebf80000)
  to   space 2560K, 0% used [0x00000000eba80000,0x00000000eba80000,0x00000000ebd00000)
 ParOldGen       total 42496K, used 3920K [0x00000000c0000000, 0x00000000c2980000, 0x00000000eab00000)
  object space 42496K, 9% used [0x00000000c0000000,0x00000000c03d43d8,0x00000000c2980000)
 Metaspace       used 16515K, capacity 16818K, committed 16896K, reserved 1064960K
  class space    used 2146K, capacity 2261K, committed 2304K, reserved 1048576K
Event: 4.078 GC heap after
Heap after GC invocations=5 (full 0):
 PSYoungGen      total 18432K, used 2560K [0x00000000eab00000, 0x00000000ed800000, 0x0000000100000000)
  eden space 15872K, 0% used [0x00000000eab00000,0x00000000eab00000,0x00000000eba80000)
  from space 2560K, 100% used [0x00000000eba80000,0x00000000ebd00000,0x00000000ebd00000)
  to   space 7168K, 0% used [0x00000000ed100000,0x00000000ed100000,0x00000000ed800000)
 ParOldGen       total 42496K, used 7573K [0x00000000c0000000, 0x00000000c2980000, 0x00000000eab00000)
  object space 42496K, 17% used [0x00000000c0000000,0x00000000c0765770,0x00000000c2980000)
 Metaspace       used 16515K, capacity 16818K, committed 16896K, reserved 1064960K
  class space    used 2146K, capacity 2261K, committed 2304K, reserved 1048576K
}
Event: 4.780 GC heap before
{Heap before GC invocations=6 (full 0):
 PSYoungGen      total 18432K, used 18432K [0x00000000eab00000, 0x00000000ed800000, 0x0000000100000000)
  eden space 15872K, 100% used [0x00000000eab00000,0x00000000eba80000,0x00000000eba80000)
  from space 2560K, 100% used [0x00000000eba80000,0x00000000ebd00000,0x00000000ebd00000)
  to   space 7168K, 0% used [0x00000000ed100000,0x00000000ed100000,0x00000000ed800000)
 ParOldGen       total 42496K, used 7573K [0x00000000c0000000, 0x00000000c2980000, 0x00000000eab00000)
  object space 42496K, 17% used [0x00000000c0000000,0x00000000c0765770,0x00000000c2980000)
 Metaspace       used 18502K, capacity 18912K, committed 19072K, reserved 1064960K
  class space    used 2480K, capacity 2630K, committed 2688K, reserved 1048576K
Event: 4.788 GC heap after
Heap after GC invocations=6 (full 0):
 PSYoungGen      total 38912K, used 4979K [0x00000000eab00000, 0x00000000ed800000, 0x0000000100000000)
  eden space 31744K, 0% used [0x00000000eab00000,0x00000000eab00000,0x00000000eca00000)
  from space 7168K, 69% used [0x00000000ed100000,0x00000000ed5dcf78,0x00000000ed800000)
  to   space 7168K, 0% used [0x00000000eca00000,0x00000000eca00000,0x00000000ed100000)
 ParOldGen       total 42496K, used 7581K [0x00000000c0000000, 0x00000000c2980000, 0x00000000eab00000)
  object space 42496K, 17% used [0x00000000c0000000,0x00000000c0767770,0x00000000c2980000)
 Metaspace       used 18502K, capacity 18912K, committed 19072K, reserved 1064960K
  class space    used 2480K, capacity 2630K, committed 2688K, reserved 1048576K
}
Event: 7.122 GC heap before
{Heap before GC invocations=7 (full 0):
 PSYoungGen      total 38912K, used 30622K [0x00000000eab00000, 0x00000000ed800000, 0x0000000100000000)
  eden space 31744K, 80% used [0x00000000eab00000,0x00000000ec40aac8,0x00000000eca00000)
  from space 7168K, 69% used [0x00000000ed100000,0x00000000ed5dcf78,0x00000000ed800000)
  to   space 7168K, 0% used [0x00000000eca00000,0x00000000eca00000,0x00000000ed100000)
 ParOldGen       total 42496K, used 7581K [0x00000000c0000000, 0x00000000c2980000, 0x00000000eab00000)
  object space 42496K, 17% used [0x00000000c0000000,0x00000000c0767770,0x00000000c2980000)
 Metaspace       used 20864K, capacity 21268K, committed 21296K, reserved 1067008K
  class space    used 2721K, capacity 2852K, committed 2864K, reserved 1048576K
Event: 7.134 GC heap after
Heap after GC invocations=7 (full 0):
 PSYoungGen      total 38912K, used 5732K [0x00000000eab00000, 0x00000000ef800000, 0x0000000100000000)
  eden space 31744K, 0% used [0x00000000eab00000,0x00000000eab00000,0x00000000eca00000)
  from space 7168K, 79% used [0x00000000eca00000,0x00000000ecf99150,0x00000000ed100000)
  to   space 7680K, 0% used [0x00000000ef080000,0x00000000ef080000,0x00000000ef800000)
 ParOldGen       total 42496K, used 8333K [0x00000000c0000000, 0x00000000c2980000, 0x00000000eab00000)
  object space 42496K, 19% used [0x00000000c0000000,0x00000000c08237b0,0x00000000c2980000)
 Metaspace       used 20864K, capacity 21268K, committed 21296K, reserved 1067008K
  class space    used 2721K, capacity 2852K, committed 2864K, reserved 1048576K
}
Event: 7.134 GC heap before
{Heap before GC invocations=8 (full 1):
 PSYoungGen      total 38912K, used 5732K [0x00000000eab00000, 0x00000000ef800000, 0x0000000100000000)
  eden space 31744K, 0% used [0x00000000eab00000,0x00000000eab00000,0x00000000eca00000)
  from space 7168K, 79% used [0x00000000eca00000,0x00000000ecf99150,0x00000000ed100000)
  to   space 7680K, 0% used [0x00000000ef080000,0x00000000ef080000,0x00000000ef800000)
 ParOldGen       total 42496K, used 8333K [0x00000000c0000000, 0x00000000c2980000, 0x00000000eab00000)
  object space 42496K, 19% used [0x00000000c0000000,0x00000000c08237b0,0x00000000c2980000)
 Metaspace       used 20864K, capacity 21268K, committed 21296K, reserved 1067008K
  class space    used 2721K, capacity 2852K, committed 2864K, reserved 1048576K
Event: 7.193 GC heap after
Heap after GC invocations=8 (full 1):
 PSYoungGen      total 38912K, used 0K [0x00000000eab00000, 0x00000000ef800000, 0x0000000100000000)
  eden space 31744K, 0% used [0x00000000eab00000,0x00000000eab00000,0x00000000eca00000)
  from space 7168K, 0% used [0x00000000eca00000,0x00000000eca00000,0x00000000ed100000)
  to   space 7680K, 0% used [0x00000000ef080000,0x00000000ef080000,0x00000000ef800000)
 ParOldGen       total 35328K, used 8951K [0x00000000c0000000, 0x00000000c2280000, 0x00000000eab00000)
  object space 35328K, 25% used [0x00000000c0000000,0x00000000c08bdd10,0x00000000c2280000)
 Metaspace       used 20864K, capacity 21268K, committed 21296K, reserved 1067008K
  class space    used 2721K, capacity 2852K, committed 2864K, reserved 1048576K
}
Event: 7.851 GC heap before
{Heap before GC invocations=9 (full 1):
 PSYoungGen      total 38912K, used 31744K [0x00000000eab00000, 0x00000000ef800000, 0x0000000100000000)
  eden space 31744K, 100% used [0x00000000eab00000,0x00000000eca00000,0x00000000eca00000)
  from space 7168K, 0% used [0x00000000eca00000,0x00000000eca00000,0x00000000ed100000)
  to   space 7680K, 0% used [0x00000000ef080000,0x00000000ef080000,0x00000000ef800000)
 ParOldGen       total 35328K, used 8951K [0x00000000c0000000, 0x00000000c2280000, 0x00000000eab00000)
  object space 35328K, 25% used [0x00000000c0000000,0x00000000c08bdd10,0x00000000c2280000)
 Metaspace       used 23391K, capacity 23992K, committed 24112K, reserved 1071104K
  class space    used 3135K, capacity 3311K, committed 3376K, reserved 1048576K
Event: 7.858 GC heap after
Heap after GC invocations=9 (full 1):
 PSYoungGen      total 54784K, used 4401K [0x00000000eab00000, 0x00000000ef500000, 0x0000000100000000)
  eden space 50176K, 0% used [0x00000000eab00000,0x00000000eab00000,0x00000000edc00000)
  from space 4608K, 95% used [0x00000000ef080000,0x00000000ef4cc4c8,0x00000000ef500000)
  to   space 7168K, 0% used [0x00000000ee700000,0x00000000ee700000,0x00000000eee00000)
 ParOldGen       total 35328K, used 8951K [0x00000000c0000000, 0x00000000c2280000, 0x00000000eab00000)
  object space 35328K, 25% used [0x00000000c0000000,0x00000000c08bdd10,0x00000000c2280000)
 Metaspace       used 23391K, capacity 23992K, committed 24112K, reserved 1071104K
  class space    used 3135K, capacity 3311K, committed 3376K, reserved 1048576K
}

